<?xml version="1.0" encoding="UTF-8"?>
<!-- Generated by org.testng.reporters.JUnitXMLReporter -->
<testsuite ignored="0" hostname="Sanjaykumar" failures="1" tests="1" name="Test_chrome" time="10.252" errors="0" timestamp="2023-07-06T19:47:08 IST">
  <testcase classname="pom_script.Parellel_execution" name="execute" time="10.179">
    <failure type="org.openqa.selenium.SessionNotCreatedException" message="session not created: This version of ChromeDriver only supports Chrome version 112
Current browser version is 114.0.5735.199 with binary path C:\Program Files\Google\Chrome\Application\chrome.exe
Build info: version: &amp;apos;3.141.59&amp;apos;, revision: &amp;apos;e82be7d358&amp;apos;, time: &amp;apos;2018-11-14T08:25:53&amp;apos;
System info: host: &amp;apos;SANJAYKUMAR&amp;apos;, ip: &amp;apos;192.168.70.99&amp;apos;, os.name: &amp;apos;Windows 11&amp;apos;, os.arch: &amp;apos;amd64&amp;apos;, os.version: &amp;apos;10.0&amp;apos;, java.version: &amp;apos;18.0.2.1&amp;apos;
Driver info: driver.version: ChromeDriver
remote stacktrace: Backtrace:
	GetHandleVerifier [0x00D8DCE3+50899]
	(No symbol) [0x00D1E111]
	(No symbol) [0x00C25588]
	(No symbol) [0x00C4570C]
	(No symbol) [0x00C41471]
	(No symbol) [0x00C3F479]
	(No symbol) [0x00C71FFE]
	(No symbol) [0x00C71CEC]
	(No symbol) [0x00C6B6F6]
	(No symbol) [0x00C47708]
	(No symbol) [0x00C4886D]
	GetHandleVerifier [0x00FF3EAE+2566302]
	GetHandleVerifier [0x010292B1+2784417]
	GetHandleVerifier [0x0102327C+2759788]
	GetHandleVerifier [0x00E25740+672048]
	(No symbol) [0x00D28872]
	(No symbol) [0x00D241C8]
	(No symbol) [0x00D242AB]
	(No symbol) [0x00D171B7]
	BaseThreadInitThunk [0x76207D59+25]
	RtlInitializeExceptionChain [0x77C8B74B+107]
	RtlClearBits [0x77C8B6CF+191]
">
      <![CDATA[org.openqa.selenium.SessionNotCreatedException: session not created: This version of ChromeDriver only supports Chrome version 112
Current browser version is 114.0.5735.199 with binary path C:\Program Files\Google\Chrome\Application\chrome.exe
Build info: version: '3.141.59', revision: 'e82be7d358', time: '2018-11-14T08:25:53'
System info: host: 'SANJAYKUMAR', ip: '192.168.70.99', os.name: 'Windows 11', os.arch: 'amd64', os.version: '10.0', java.version: '18.0.2.1'
Driver info: driver.version: ChromeDriver
remote stacktrace: Backtrace:
GetHandleVerifier [0x00D8DCE3+50899]
(No symbol) [0x00D1E111]
(No symbol) [0x00C25588]
(No symbol) [0x00C4570C]
(No symbol) [0x00C41471]
(No symbol) [0x00C3F479]
(No symbol) [0x00C71FFE]
(No symbol) [0x00C71CEC]
(No symbol) [0x00C6B6F6]
(No symbol) [0x00C47708]
(No symbol) [0x00C4886D]
GetHandleVerifier [0x00FF3EAE+2566302]
GetHandleVerifier [0x010292B1+2784417]
GetHandleVerifier [0x0102327C+2759788]
GetHandleVerifier [0x00E25740+672048]
(No symbol) [0x00D28872]
(No symbol) [0x00D241C8]
(No symbol) [0x00D242AB]
(No symbol) [0x00D171B7]
BaseThreadInitThunk [0x76207D59+25]
RtlInitializeExceptionChain [0x77C8B74B+107]
RtlClearBits [0x77C8B6CF+191]

at org.openqa.selenium.remote.W3CHandshakeResponse.lambda$errorHandler$0(W3CHandshakeResponse.java:62)
at org.openqa.selenium.remote.HandshakeResponse.lambda$getResponseFunction$0(HandshakeResponse.java:30)
at org.openqa.selenium.remote.ProtocolHandshake.lambda$createSession$0(ProtocolHandshake.java:126)
at java.base/java.util.stream.ReferencePipeline$3$1.accept(ReferencePipeline.java:197)
at java.base/java.util.Spliterators$ArraySpliterator.tryAdvance(Spliterators.java:1002)
at java.base/java.util.stream.ReferencePipeline.forEachWithCancel(ReferencePipeline.java:129)
at java.base/java.util.stream.AbstractPipeline.copyIntoWithCancel(AbstractPipeline.java:527)
at java.base/java.util.stream.AbstractPipeline.copyInto(AbstractPipeline.java:513)
at java.base/java.util.stream.AbstractPipeline.wrapAndCopyInto(AbstractPipeline.java:499)
at java.base/java.util.stream.FindOps$FindOp.evaluateSequential(FindOps.java:150)
at java.base/java.util.stream.AbstractPipeline.evaluate(AbstractPipeline.java:234)
at java.base/java.util.stream.ReferencePipeline.findFirst(ReferencePipeline.java:647)
at org.openqa.selenium.remote.ProtocolHandshake.createSession(ProtocolHandshake.java:128)
at org.openqa.selenium.remote.ProtocolHandshake.createSession(ProtocolHandshake.java:74)
at org.openqa.selenium.remote.HttpCommandExecutor.execute(HttpCommandExecutor.java:136)
at org.openqa.selenium.remote.service.DriverCommandExecutor.execute(DriverCommandExecutor.java:83)
at org.openqa.selenium.remote.RemoteWebDriver.execute(RemoteWebDriver.java:552)
at org.openqa.selenium.remote.RemoteWebDriver.startSession(RemoteWebDriver.java:213)
at org.openqa.selenium.remote.RemoteWebDriver.<init>(RemoteWebDriver.java:131)
at org.openqa.selenium.chrome.ChromeDriver.<init>(ChromeDriver.java:181)
at org.openqa.selenium.chrome.ChromeDriver.<init>(ChromeDriver.java:168)
at org.openqa.selenium.chrome.ChromeDriver.<init>(ChromeDriver.java:123)
at pom_script.Parellel_execution.execute(Parellel_execution.java:25)
at java.base/java.util.ArrayList.forEach(ArrayList.java:1511)
at java.base/java.util.concurrent.FutureTask.run(FutureTask.java:264)
at java.base/java.util.concurrent.ThreadPoolExecutor.runWorker(ThreadPoolExecutor.java:1136)
at java.base/java.util.concurrent.ThreadPoolExecutor$Worker.run(ThreadPoolExecutor.java:635)
at java.base/java.lang.Thread.run(Thread.java:833)
... Removed 18 stack frames]]>
    </failure>
  </testcase> <!-- execute -->
</testsuite> <!-- Test_chrome -->
